Arguments: 
  C:\Program Files\nodejs\node.exe C:\Users\alfon\AppData\Roaming\npm\node_modules\yarn\bin\yarn.js add swiper

PATH: 
  C:\Program Files (x86)\VMware\VMware Player\bin\;C:\Python311\Scripts\;C:\Python311\;C:\Program Files\Common Files\Oracle\Java\javapath;C:\Program Files (x86)\Common Files\Oracle\Java\javapath;C:\ProgramData\Oracle\Java\javapath;C:\WINDOWS\system32;C:\WINDOWS;C:\WINDOWS\System32\Wbem;C:\WINDOWS\System32\WindowsPowerShell\v1.0\;C:\WINDOWS\System32\OpenSSH\;C:\Program Files\dotnet\;C:\Program Files (x86)\dotnet\;C:\Program Files\Docker\Docker\resources\bin;C:\Program Files\nodejs\;C:\ProgramData\chocolatey\bin;C:\Program Files\Git\cmd;C:\Program Files\Microchip\xc8\v2.36\bin;C:\Users\alfon\.console-ninja\.bin;C:\Program Files\MySQL\MySQL Shell 8.0\bin\;C:\Users\alfon\AppData\Local\Programs\Python\Python310\;C:\Users\alfon\AppData\Local\Microsoft\WindowsApps;C:\Users\alfon\AppData\Local\Programs\Microsoft VS Code\bin;C:\Program Files\MySQL\MySQL Server 8.0\bin;C:\Users\alfon\AppData\Roaming\npm;C:\Users\alfon\AppData\Local\GitHubDesktop\bin;C:\Program Files\JetBrains\IntelliJ IDEA Community Edition 2024.1\bin;

Yarn version: 
  1.22.19

Node version: 
  20.5.1

Platform: 
  win32 x64

Trace: 
  Error: EPERM: operation not permitted, unlink 'C:\Users\alfon\Desktop\Universidad\Sexto Semestre\Estructura de Datos y Algoritmos 2\ProyectoEDyA2\node_modules\@esbuild\win32-x64\esbuild.exe'

npm manifest: 
  {
    "name": "proyectoedya2",
    "private": true,
    "version": "0.0.0",
    "type": "module",
    "scripts": {
      "dev": "vite",
      "build": "vite build",
      "lint": "eslint . --ext js,jsx --report-unused-disable-directives --max-warnings 0",
      "preview": "vite preview"
    },
    "dependencies": {
      "react": "^18.2.0",
      "react-dom": "^18.2.0",
      "react-router-dom": "^6.23.0",
      "swiper": "^11.1.1"
    },
    "devDependencies": {
      "@types/react": "^18.2.66",
      "@types/react-dom": "^18.2.22",
      "@vitejs/plugin-react": "^4.2.1",
      "eslint": "^8.57.0",
      "eslint-plugin-react": "^7.34.1",
      "eslint-plugin-react-hooks": "^4.6.0",
      "eslint-plugin-react-refresh": "^0.4.6",
      "vite": "^5.2.0"
    }
  }

yarn manifest: 
  No manifest

Lockfile: 
  No lockfile
